app/build/intermediates/manifest_merge_blame_file/debug/manifest-merger-blame-debug-report.txt
1<?xml version="1.0" encoding="utf-8"?>
2<manifest xmlns:android="http://schemas.android.com/apk/res/android"
3    package="com.keksec.smack"
4    android:versionCode="1"
5    android:versionName="1.0" >
6
7    <uses-sdk
8        android:minSdkVersion="19"
8-->src/main/AndroidManifest.xml
9        android:targetSdkVersion="29" />
9-->src/main/AndroidManifest.xml
10
11    <uses-permission android:name="android.permission.INTERNET" />
11-->src/main/AndroidManifest.xml:5:5-67
11-->src/main/AndroidManifest.xml:5:22-64
12
13    <application
13-->src/main/AndroidManifest.xml:7:5-26:19
14        android:name="com.keksec.smack.controller.App"
14-->src/main/AndroidManifest.xml:13:9-39
15        android:allowBackup="true"
15-->src/main/AndroidManifest.xml:8:9-35
16        android:appComponentFactory="androidx.core.app.CoreComponentFactory"
16-->[androidx.core:core:1.1.0] AndroidManifest.xml:24:18-86
17        android:debuggable="true"
18        android:icon="@mipmap/ic_launcher"
18-->src/main/AndroidManifest.xml:9:9-43
19        android:label="@string/app_name"
19-->src/main/AndroidManifest.xml:10:9-41
20        android:supportsRtl="true"
20-->src/main/AndroidManifest.xml:11:9-35
21        android:testOnly="true"
22        android:theme="@style/AppTheme" >
22-->src/main/AndroidManifest.xml:12:9-40
23        <activity android:name="com.keksec.smack.controller.CreateUserActivity" />
23-->src/main/AndroidManifest.xml:14:9-67
23-->src/main/AndroidManifest.xml:14:19-64
24        <activity android:name="com.keksec.smack.controller.LoginActivity" />
24-->src/main/AndroidManifest.xml:15:9-62
24-->src/main/AndroidManifest.xml:15:19-59
25        <activity
25-->src/main/AndroidManifest.xml:16:9-25:20
26            android:name="com.keksec.smack.controller.MainActivity"
26-->src/main/AndroidManifest.xml:17:13-52
27            android:label="@string/app_name"
27-->src/main/AndroidManifest.xml:18:13-45
28            android:theme="@style/AppTheme.NoActionBar"
28-->src/main/AndroidManifest.xml:19:13-56
29            android:windowSoftInputMode="stateAlwaysHidden" >
29-->src/main/AndroidManifest.xml:20:13-60
30            <intent-filter>
30-->src/main/AndroidManifest.xml:21:13-24:29
31                <action android:name="android.intent.action.MAIN" />
31-->src/main/AndroidManifest.xml:22:17-69
31-->src/main/AndroidManifest.xml:22:25-66
32
33                <category android:name="android.intent.category.LAUNCHER" />
33-->src/main/AndroidManifest.xml:23:17-77
33-->src/main/AndroidManifest.xml:23:27-74
34            </intent-filter>
35        </activity>
36
37        <provider
37-->[androidx.lifecycle:lifecycle-process:2.1.0] AndroidManifest.xml:23:9-27:43
38            android:name="androidx.lifecycle.ProcessLifecycleOwnerInitializer"
38-->[androidx.lifecycle:lifecycle-process:2.1.0] AndroidManifest.xml:24:13-79
39            android:authorities="com.keksec.smack.lifecycle-process"
39-->[androidx.lifecycle:lifecycle-process:2.1.0] AndroidManifest.xml:25:13-69
40            android:exported="false"
40-->[androidx.lifecycle:lifecycle-process:2.1.0] AndroidManifest.xml:26:13-37
41            android:multiprocess="true" />
41-->[androidx.lifecycle:lifecycle-process:2.1.0] AndroidManifest.xml:27:13-40
42    </application>
43
44</manifest>